INFO 2024-04-09 22:30:15,500 views  Main page accessed
INFO 2024-04-09 22:30:15,500 basehttp  "GET / HTTP/1.1" 200 15
INFO 2024-04-09 22:30:23,776 views  Главная страница загружена
INFO 2024-04-09 22:30:23,777 basehttp  "GET / HTTP/1.1" 200 15
INFO 2024-04-09 22:30:25,812 views  Главная страница загружена
INFO 2024-04-09 22:30:25,813 basehttp  "GET / HTTP/1.1" 200 15
INFO 2024-04-09 22:30:26,748 views  Страница "о нас" загружена
INFO 2024-04-09 22:30:26,748 basehttp  "GET /about/ HTTP/1.1" 200 16
INFO 2024-04-09 22:39:21,279 autoreload  Watching for file changes with StatReloader
INFO 2024-04-09 22:39:29,261 views  Главная страница загружена
INFO 2024-04-09 22:39:29,262 basehttp  "GET / HTTP/1.1" 200 411
INFO 2024-04-09 22:39:45,462 views  Главная страница загружена
INFO 2024-04-09 22:39:45,462 basehttp  "GET / HTTP/1.1" 200 411
INFO 2024-04-09 22:39:47,971 views  Главная страница загружена
INFO 2024-04-09 22:39:47,972 basehttp  "GET / HTTP/1.1" 200 411
INFO 2024-04-09 22:39:49,101 views  Страница "о нас" загружена
INFO 2024-04-09 22:39:49,102 basehttp  "GET /about/ HTTP/1.1" 200 412
INFO 2024-04-09 22:47:13,568 autoreload  /Users/Asus/FrameworkDjango/Django_HW/django_homework/views.py changed, reloading.
INFO 2024-04-09 22:47:13,882 autoreload  Watching for file changes with StatReloader
INFO 2024-04-09 22:47:57,814 views  Main page accessed
INFO 2024-04-09 22:47:57,815 basehttp  "GET / HTTP/1.1" 200 707INFO 2024-04-13 05:42:49,671 autoreload  Watching for file changes with StatReloader
WARNING 2024-04-13 05:42:55,633 log  Not Found: /
WARNING 2024-04-13 05:42:55,633 basehttp  "GET / HTTP/1.1" 404 2790
WARNING 2024-04-13 05:42:55,722 log  Not Found: /favicon.ico
WARNING 2024-04-13 05:42:55,722 basehttp  "GET /favicon.ico HTTP/1.1" 404 2841
INFO 2024-04-13 05:43:25,972 autoreload  D:\Learning\FrameworkDjango\Django_HW\django_homework\django_homework\urls.py changed, reloading.
INFO 2024-04-13 05:43:26,349 autoreload  Watching for file changes with StatReloader
INFO 2024-04-13 05:43:27,113 basehttp  "GET / HTTP/1.1" 200 1080
INFO 2024-04-13 05:43:33,745 basehttp  "GET / HTTP/1.1" 200 1080
INFO 2024-04-13 05:43:35,488 basehttp  "GET /about/ HTTP/1.1" 200 848
INFO 2024-04-13 05:43:36,643 basehttp  "GET / HTTP/1.1" 200 1080
INFO 2024-04-13 05:43:37,619 basehttp  "GET /about/ HTTP/1.1" 200 848
INFO 2024-04-13 05:43:38,277 basehttp  "GET / HTTP/1.1" 200 1080
INFO 2024-04-13 05:44:04,009 basehttp  "GET /app2 HTTP/1.1" 301 0
INFO 2024-04-13 05:44:04,012 basehttp  "GET /app2/ HTTP/1.1" 200 1080
INFO 2024-04-13 05:44:09,554 basehttp  "GET /app2/ HTTP/1.1" 200 1080
INFO 2024-04-13 05:44:41,532 autoreload  D:\Learning\FrameworkDjango\Django_HW\django_homework\django_homework\urls.py changed, reloading.
INFO 2024-04-13 05:44:41,907 autoreload  Watching for file changes with StatReloader
INFO 2024-04-13 05:44:45,364 basehttp  "GET /app2/ HTTP/1.1" 200 1080
INFO 2024-04-13 05:44:46,088 basehttp  "GET /app2/ HTTP/1.1" 200 1080
INFO 2024-04-13 05:44:48,060 basehttp  "GET /app2/ HTTP/1.1" 200 1080
WARNING 2024-04-13 05:44:50,793 log  Not Found: /
WARNING 2024-04-13 05:44:50,794 basehttp  "GET / HTTP/1.1" 404 2686
WARNING 2024-04-13 05:44:52,013 log  Not Found: /
WARNING 2024-04-13 05:44:52,014 basehttp  "GET / HTTP/1.1" 404 2686
WARNING 2024-04-13 05:44:52,248 log  Not Found: /
WARNING 2024-04-13 05:44:52,250 basehttp  "GET / HTTP/1.1" 404 2686
WARNING 2024-04-13 05:44:52,475 log  Not Found: /
WARNING 2024-04-13 05:44:52,475 basehttp  "GET / HTTP/1.1" 404 2686
INFO 2024-04-13 05:45:17,024 autoreload  Watching for file changes with StatReloader
WARNING 2024-04-13 05:45:23,852 log  Not Found: /
WARNING 2024-04-13 05:45:23,852 basehttp  "GET / HTTP/1.1" 404 2686
WARNING 2024-04-13 06:12:34,069 log  Not Found: /app2/client
WARNING 2024-04-13 06:12:34,069 basehttp  "GET /app2/client HTTP/1.1" 404 2973
WARNING 2024-04-13 06:13:34,063 log  Not Found: /app2/clients
WARNING 2024-04-13 06:13:34,063 basehttp  "GET /app2/clients HTTP/1.1" 404 2976
WARNING 2024-04-13 06:13:55,440 log  Not Found: /app2/orders
WARNING 2024-04-13 06:13:55,440 basehttp  "GET /app2/orders HTTP/1.1" 404 2973
INFO 2024-04-13 06:14:57,838 autoreload  D:\Learning\FrameworkDjango\Django_HW\django_homework\django_homework\urls.py changed, reloading.
INFO 2024-04-13 06:14:58,220 autoreload  Watching for file changes with StatReloader
WARNING 2024-04-13 06:15:05,851 log  Not Found: /app2/orders
WARNING 2024-04-13 06:15:05,852 basehttp  "GET /app2/orders HTTP/1.1" 404 2791
WARNING 2024-04-13 06:15:07,591 log  Not Found: /app2/orders
WARNING 2024-04-13 06:15:07,591 basehttp  "GET /app2/orders HTTP/1.1" 404 2791
INFO 2024-04-13 06:15:17,807 autoreload  Watching for file changes with StatReloader
INFO 2024-04-13 06:15:21,222 basehttp  "GET / HTTP/1.1" 200 1080
INFO 2024-04-13 06:15:30,203 basehttp  "GET /app2/ HTTP/1.1" 200 1080
WARNING 2024-04-13 06:15:42,668 log  Not Found: /app2/clients
WARNING 2024-04-13 06:15:42,668 basehttp  "GET /app2/clients HTTP/1.1" 404 2794
INFO 2024-04-13 06:16:38,258 autoreload  D:\Learning\FrameworkDjango\Django_HW\django_homework\django_homework\urls.py changed, reloading.
INFO 2024-04-13 06:16:38,657 autoreload  Watching for file changes with StatReloader
INFO 2024-04-13 06:16:41,336 basehttp  "GET /app2/clients HTTP/1.1" 301 0
INFO 2024-04-13 06:16:41,340 basehttp  "GET /app2/clients/ HTTP/1.1" 200 2
INFO 2024-04-13 06:16:52,387 basehttp  "GET /app2/clients/ HTTP/1.1" 200 2
INFO 2024-04-13 06:17:05,165 basehttp  "GET /app2/orders/ HTTP/1.1" 200 0
INFO 2024-04-13 06:41:06,665 autoreload  Watching for file changes with StatReloader
INFO 2024-04-13 06:41:10,303 basehttp  "GET / HTTP/1.1" 200 1080
WARNING 2024-04-13 06:41:23,063 log  Not Found: /app2/
WARNING 2024-04-13 06:41:23,064 basehttp  "GET /app2/ HTTP/1.1" 404 2960
INFO 2024-04-13 06:41:46,939 basehttp  "GET /app2/clients/ HTTP/1.1" 200 2
INFO 2024-04-13 23:41:10,787 autoreload  Watching for file changes with StatReloader
INFO 2024-04-13 23:41:15,461 basehttp  "GET / HTTP/1.1" 200 1080
WARNING 2024-04-13 23:41:15,560 log  Not Found: /favicon.ico
WARNING 2024-04-13 23:41:15,560 basehttp  "GET /favicon.ico HTTP/1.1" 404 2555
WARNING 2024-04-13 23:41:25,721 log  Not Found: /app2/
WARNING 2024-04-13 23:41:25,721 basehttp  "GET /app2/ HTTP/1.1" 404 2960
INFO 2024-04-13 23:41:43,927 basehttp  "GET /app2/clients/ HTTP/1.1" 200 741
INFO 2024-04-16 01:40:08,702 autoreload  Watching for file changes with StatReloader
INFO 2024-04-16 01:45:39,950 autoreload  Watching for file changes with StatReloader
INFO 2024-04-16 01:45:46,027 basehttp  "GET / HTTP/1.1" 200 1080
WARNING 2024-04-16 01:45:46,142 log  Not Found: /favicon.ico
WARNING 2024-04-16 01:45:46,142 basehttp  "GET /favicon.ico HTTP/1.1" 404 4005
INFO 2024-04-16 01:45:54,420 basehttp  "GET / HTTP/1.1" 200 1080
INFO 2024-04-16 01:45:56,103 basehttp  "GET /about/ HTTP/1.1" 200 848
INFO 2024-04-16 01:45:58,192 basehttp  "GET / HTTP/1.1" 200 1080
INFO 2024-04-16 01:46:05,146 basehttp  "GET / HTTP/1.1" 200 1080
ERROR 2024-04-16 01:46:46,676 log  Internal Server Error: /get-orders-by-client/
Traceback (most recent call last):
  File "D:\Learning\FrameworkDjango\Django_HW\venv\Lib\site-packages\django\template\base.py", line 502, in parse
    compile_func = self.tags[command]
                   ~~~~~~~~~^^^^^^^^^
KeyError: 'endblock'

During handling of the above exception, another exception occurred:

Traceback (most recent call last):
  File "D:\Learning\FrameworkDjango\Django_HW\venv\Lib\site-packages\django\core\handlers\exception.py", line 55, in inner
    response = get_response(request)
               ^^^^^^^^^^^^^^^^^^^^^
  File "D:\Learning\FrameworkDjango\Django_HW\venv\Lib\site-packages\django\core\handlers\base.py", line 197, in _get_response
    response = wrapped_callback(request, *callback_args, **callback_kwargs)
               ^^^^^^^^^^^^^^^^^^^^^^^^^^^^^^^^^^^^^^^^^^^^^^^^^^^^^^^^^^^^
  File "D:\Learning\FrameworkDjango\Django_HW\django_homework\hw3_app\views.py", line 28, in get_orders_by_client
    return render(request, 'hw3_app/get_orders_by_client.html')
           ^^^^^^^^^^^^^^^^^^^^^^^^^^^^^^^^^^^^^^^^^^^^^^^^^^^^
  File "D:\Learning\FrameworkDjango\Django_HW\venv\Lib\site-packages\django\shortcuts.py", line 25, in render
    content = loader.render_to_string(template_name, context, request, using=using)
              ^^^^^^^^^^^^^^^^^^^^^^^^^^^^^^^^^^^^^^^^^^^^^^^^^^^^^^^^^^^^^^^^^^^^^
  File "D:\Learning\FrameworkDjango\Django_HW\venv\Lib\site-packages\django\template\loader.py", line 61, in render_to_string
    template = get_template(template_name, using=using)
               ^^^^^^^^^^^^^^^^^^^^^^^^^^^^^^^^^^^^^^^^
  File "D:\Learning\FrameworkDjango\Django_HW\venv\Lib\site-packages\django\template\loader.py", line 15, in get_template
    return engine.get_template(template_name)
           ^^^^^^^^^^^^^^^^^^^^^^^^^^^^^^^^^^
  File "D:\Learning\FrameworkDjango\Django_HW\venv\Lib\site-packages\django\template\backends\django.py", line 33, in get_template
    return Template(self.engine.get_template(template_name), self)
                    ^^^^^^^^^^^^^^^^^^^^^^^^^^^^^^^^^^^^^^^
  File "D:\Learning\FrameworkDjango\Django_HW\venv\Lib\site-packages\django\template\engine.py", line 177, in get_template
    template, origin = self.find_template(template_name)
                       ^^^^^^^^^^^^^^^^^^^^^^^^^^^^^^^^^
  File "D:\Learning\FrameworkDjango\Django_HW\venv\Lib\site-packages\django\template\engine.py", line 159, in find_template
    template = loader.get_template(name, skip=skip)
               ^^^^^^^^^^^^^^^^^^^^^^^^^^^^^^^^^^^^
  File "D:\Learning\FrameworkDjango\Django_HW\venv\Lib\site-packages\django\template\loaders\cached.py", line 57, in get_template
    template = super().get_template(template_name, skip)
               ^^^^^^^^^^^^^^^^^^^^^^^^^^^^^^^^^^^^^^^^^
  File "D:\Learning\FrameworkDjango\Django_HW\venv\Lib\site-packages\django\template\loaders\base.py", line 28, in get_template
    return Template(
           ^^^^^^^^^
  File "D:\Learning\FrameworkDjango\Django_HW\venv\Lib\site-packages\django\template\base.py", line 154, in __init__
    self.nodelist = self.compile_nodelist()
                    ^^^^^^^^^^^^^^^^^^^^^^^
  File "D:\Learning\FrameworkDjango\Django_HW\venv\Lib\site-packages\django\template\base.py", line 196, in compile_nodelist
    return parser.parse()
           ^^^^^^^^^^^^^^
  File "D:\Learning\FrameworkDjango\Django_HW\venv\Lib\site-packages\django\template\base.py", line 510, in parse
    raise self.error(token, e)
  File "D:\Learning\FrameworkDjango\Django_HW\venv\Lib\site-packages\django\template\base.py", line 508, in parse
    compiled_result = compile_func(self, token)
                      ^^^^^^^^^^^^^^^^^^^^^^^^^
  File "D:\Learning\FrameworkDjango\Django_HW\venv\Lib\site-packages\django\template\loader_tags.py", line 295, in do_extends
    nodelist = parser.parse()
               ^^^^^^^^^^^^^^
  File "D:\Learning\FrameworkDjango\Django_HW\venv\Lib\site-packages\django\template\base.py", line 504, in parse
    self.invalid_block_tag(token, command, parse_until)
  File "D:\Learning\FrameworkDjango\Django_HW\venv\Lib\site-packages\django\template\base.py", line 565, in invalid_block_tag
    raise self.error(
django.template.exceptions.TemplateSyntaxError: Invalid block tag on line 20: 'endblock'. Did you forget to register or load this tag?
ERROR 2024-04-16 01:46:46,684 basehttp  "GET /get-orders-by-client/ HTTP/1.1" 500 154933
INFO 2024-04-16 01:48:03,537 autoreload  D:\Learning\FrameworkDjango\Django_HW\django_homework\hw3_app\views.py changed, reloading.
INFO 2024-04-16 01:48:03,949 autoreload  Watching for file changes with StatReloader
INFO 2024-04-16 01:51:21,360 autoreload  Watching for file changes with StatReloader
INFO 2024-04-16 01:51:23,992 basehttp  "GET / HTTP/1.1" 200 1080
ERROR 2024-04-16 01:52:31,743 log  Internal Server Error: /get-orders-by-client/
Traceback (most recent call last):
  File "D:\Learning\FrameworkDjango\Django_HW\venv\Lib\site-packages\django\template\base.py", line 502, in parse
    compile_func = self.tags[command]
                   ~~~~~~~~~^^^^^^^^^
KeyError: 'endblock'

During handling of the above exception, another exception occurred:

Traceback (most recent call last):
  File "D:\Learning\FrameworkDjango\Django_HW\venv\Lib\site-packages\django\core\handlers\exception.py", line 55, in inner
    response = get_response(request)
               ^^^^^^^^^^^^^^^^^^^^^
  File "D:\Learning\FrameworkDjango\Django_HW\venv\Lib\site-packages\django\core\handlers\base.py", line 197, in _get_response
    response = wrapped_callback(request, *callback_args, **callback_kwargs)
               ^^^^^^^^^^^^^^^^^^^^^^^^^^^^^^^^^^^^^^^^^^^^^^^^^^^^^^^^^^^^
  File "D:\Learning\FrameworkDjango\Django_HW\django_homework\hw3_app\views.py", line 28, in get_orders_by_client
    return render(request, 'hw3_app/get_orders_by_client.html')
           ^^^^^^^^^^^^^^^^^^^^^^^^^^^^^^^^^^^^^^^^^^^^^^^^^^^^
  File "D:\Learning\FrameworkDjango\Django_HW\venv\Lib\site-packages\django\shortcuts.py", line 25, in render
    content = loader.render_to_string(template_name, context, request, using=using)
              ^^^^^^^^^^^^^^^^^^^^^^^^^^^^^^^^^^^^^^^^^^^^^^^^^^^^^^^^^^^^^^^^^^^^^
  File "D:\Learning\FrameworkDjango\Django_HW\venv\Lib\site-packages\django\template\loader.py", line 61, in render_to_string
    template = get_template(template_name, using=using)
               ^^^^^^^^^^^^^^^^^^^^^^^^^^^^^^^^^^^^^^^^
  File "D:\Learning\FrameworkDjango\Django_HW\venv\Lib\site-packages\django\template\loader.py", line 15, in get_template
    return engine.get_template(template_name)
           ^^^^^^^^^^^^^^^^^^^^^^^^^^^^^^^^^^
  File "D:\Learning\FrameworkDjango\Django_HW\venv\Lib\site-packages\django\template\backends\django.py", line 33, in get_template
    return Template(self.engine.get_template(template_name), self)
                    ^^^^^^^^^^^^^^^^^^^^^^^^^^^^^^^^^^^^^^^
  File "D:\Learning\FrameworkDjango\Django_HW\venv\Lib\site-packages\django\template\engine.py", line 177, in get_template
    template, origin = self.find_template(template_name)
                       ^^^^^^^^^^^^^^^^^^^^^^^^^^^^^^^^^
  File "D:\Learning\FrameworkDjango\Django_HW\venv\Lib\site-packages\django\template\engine.py", line 159, in find_template
    template = loader.get_template(name, skip=skip)
               ^^^^^^^^^^^^^^^^^^^^^^^^^^^^^^^^^^^^
  File "D:\Learning\FrameworkDjango\Django_HW\venv\Lib\site-packages\django\template\loaders\cached.py", line 57, in get_template
    template = super().get_template(template_name, skip)
               ^^^^^^^^^^^^^^^^^^^^^^^^^^^^^^^^^^^^^^^^^
  File "D:\Learning\FrameworkDjango\Django_HW\venv\Lib\site-packages\django\template\loaders\base.py", line 28, in get_template
    return Template(
           ^^^^^^^^^
  File "D:\Learning\FrameworkDjango\Django_HW\venv\Lib\site-packages\django\template\base.py", line 154, in __init__
    self.nodelist = self.compile_nodelist()
                    ^^^^^^^^^^^^^^^^^^^^^^^
  File "D:\Learning\FrameworkDjango\Django_HW\venv\Lib\site-packages\django\template\base.py", line 196, in compile_nodelist
    return parser.parse()
           ^^^^^^^^^^^^^^
  File "D:\Learning\FrameworkDjango\Django_HW\venv\Lib\site-packages\django\template\base.py", line 510, in parse
    raise self.error(token, e)
  File "D:\Learning\FrameworkDjango\Django_HW\venv\Lib\site-packages\django\template\base.py", line 508, in parse
    compiled_result = compile_func(self, token)
                      ^^^^^^^^^^^^^^^^^^^^^^^^^
  File "D:\Learning\FrameworkDjango\Django_HW\venv\Lib\site-packages\django\template\loader_tags.py", line 295, in do_extends
    nodelist = parser.parse()
               ^^^^^^^^^^^^^^
  File "D:\Learning\FrameworkDjango\Django_HW\venv\Lib\site-packages\django\template\base.py", line 504, in parse
    self.invalid_block_tag(token, command, parse_until)
  File "D:\Learning\FrameworkDjango\Django_HW\venv\Lib\site-packages\django\template\base.py", line 565, in invalid_block_tag
    raise self.error(
django.template.exceptions.TemplateSyntaxError: Invalid block tag on line 20: 'endblock'. Did you forget to register or load this tag?
ERROR 2024-04-16 01:52:31,748 basehttp  "GET /get-orders-by-client/ HTTP/1.1" 500 154933
INFO 2024-04-16 02:03:09,563 autoreload  Watching for file changes with StatReloader
INFO 2024-04-16 02:03:12,315 basehttp  "GET / HTTP/1.1" 200 1080
ERROR 2024-04-16 02:04:01,192 log  Internal Server Error: /get-orders-by-client/
Traceback (most recent call last):
  File "D:\Learning\FrameworkDjango\Django_HW\venv\Lib\site-packages\django\template\backends\django.py", line 61, in render
    return self.template.render(context)
           ^^^^^^^^^^^^^^^^^^^^^^^^^^^^^
  File "D:\Learning\FrameworkDjango\Django_HW\venv\Lib\site-packages\django\template\base.py", line 171, in render
    return self._render(context)
           ^^^^^^^^^^^^^^^^^^^^^
  File "D:\Learning\FrameworkDjango\Django_HW\venv\Lib\site-packages\django\template\base.py", line 163, in _render
    return self.nodelist.render(context)
           ^^^^^^^^^^^^^^^^^^^^^^^^^^^^^
  File "D:\Learning\FrameworkDjango\Django_HW\venv\Lib\site-packages\django\template\base.py", line 1000, in render
    return SafeString("".join([node.render_annotated(context) for node in self]))
                              ^^^^^^^^^^^^^^^^^^^^^^^^^^^^^^^^^^^^^^^^^^^^^^^^^
  File "D:\Learning\FrameworkDjango\Django_HW\venv\Lib\site-packages\django\template\base.py", line 1000, in <listcomp>
    return SafeString("".join([node.render_annotated(context) for node in self]))
                               ^^^^^^^^^^^^^^^^^^^^^^^^^^^^^^
  File "D:\Learning\FrameworkDjango\Django_HW\venv\Lib\site-packages\django\template\base.py", line 961, in render_annotated
    return self.render(context)
           ^^^^^^^^^^^^^^^^^^^^
  File "D:\Learning\FrameworkDjango\Django_HW\venv\Lib\site-packages\django\template\loader_tags.py", line 134, in render
    compiled_parent = self.get_parent(context)
                      ^^^^^^^^^^^^^^^^^^^^^^^^
  File "D:\Learning\FrameworkDjango\Django_HW\venv\Lib\site-packages\django\template\loader_tags.py", line 131, in get_parent
    return self.find_template(parent, context)
           ^^^^^^^^^^^^^^^^^^^^^^^^^^^^^^^^^^^
  File "D:\Learning\FrameworkDjango\Django_HW\venv\Lib\site-packages\django\template\loader_tags.py", line 109, in find_template
    template, origin = context.template.engine.find_template(
                       ^^^^^^^^^^^^^^^^^^^^^^^^^^^^^^^^^^^^^^
  File "D:\Learning\FrameworkDjango\Django_HW\venv\Lib\site-packages\django\template\engine.py", line 163, in find_template
    raise TemplateDoesNotExist(name, tried=tried)
django.template.exceptions.TemplateDoesNotExist: base.html

The above exception was the direct cause of the following exception:

Traceback (most recent call last):
  File "D:\Learning\FrameworkDjango\Django_HW\venv\Lib\site-packages\django\core\handlers\exception.py", line 55, in inner
    response = get_response(request)
               ^^^^^^^^^^^^^^^^^^^^^
  File "D:\Learning\FrameworkDjango\Django_HW\venv\Lib\site-packages\django\core\handlers\base.py", line 197, in _get_response
    response = wrapped_callback(request, *callback_args, **callback_kwargs)
               ^^^^^^^^^^^^^^^^^^^^^^^^^^^^^^^^^^^^^^^^^^^^^^^^^^^^^^^^^^^^
  File "D:\Learning\FrameworkDjango\Django_HW\django_homework\hw3_app\views.py", line 28, in get_orders_by_client
    return render(request, 'hw3_app/get_orders_by_client.html')
           ^^^^^^^^^^^^^^^^^^^^^^^^^^^^^^^^^^^^^^^^^^^^^^^^^^^^
  File "D:\Learning\FrameworkDjango\Django_HW\venv\Lib\site-packages\django\shortcuts.py", line 25, in render
    content = loader.render_to_string(template_name, context, request, using=using)
              ^^^^^^^^^^^^^^^^^^^^^^^^^^^^^^^^^^^^^^^^^^^^^^^^^^^^^^^^^^^^^^^^^^^^^
  File "D:\Learning\FrameworkDjango\Django_HW\venv\Lib\site-packages\django\template\loader.py", line 62, in render_to_string
    return template.render(context, request)
           ^^^^^^^^^^^^^^^^^^^^^^^^^^^^^^^^^
  File "D:\Learning\FrameworkDjango\Django_HW\venv\Lib\site-packages\django\template\backends\django.py", line 63, in render
    reraise(exc, self.backend)
  File "D:\Learning\FrameworkDjango\Django_HW\venv\Lib\site-packages\django\template\backends\django.py", line 84, in reraise
    raise new from exc
django.template.exceptions.TemplateDoesNotExist: base.html
ERROR 2024-04-16 02:04:01,197 basehttp  "GET /get-orders-by-client/ HTTP/1.1" 500 134378
INFO 2024-04-16 02:08:58,256 autoreload  Watching for file changes with StatReloader
INFO 2024-04-16 02:09:00,994 basehttp  "GET / HTTP/1.1" 200 1080
WARNING 2024-04-16 02:09:29,748 log  Not Found: /get_orders_by_client
WARNING 2024-04-16 02:09:29,748 basehttp  "GET /get_orders_by_client HTTP/1.1" 404 4032
WARNING 2024-04-16 02:11:11,471 log  Not Found: /get_orders_by_client
WARNING 2024-04-16 02:11:11,471 basehttp  "GET /get_orders_by_client HTTP/1.1" 404 4032
INFO 2024-04-16 02:12:12,840 autoreload  D:\Learning\FrameworkDjango\Django_HW\django_homework\django_homework\urls.py changed, reloading.
INFO 2024-04-16 02:12:13,253 autoreload  Watching for file changes with StatReloader
WARNING 2024-04-16 02:12:14,010 log  Not Found: /get_orders_by_client
WARNING 2024-04-16 02:12:14,010 basehttp  "GET /get_orders_by_client HTTP/1.1" 404 3927
WARNING 2024-04-16 02:12:15,037 log  Not Found: /get_orders_by_client
WARNING 2024-04-16 02:12:15,038 basehttp  "GET /get_orders_by_client HTTP/1.1" 404 3927
WARNING 2024-04-16 02:12:15,876 log  Not Found: /get_orders_by_client
WARNING 2024-04-16 02:12:15,877 basehttp  "GET /get_orders_by_client HTTP/1.1" 404 3927
WARNING 2024-04-16 02:12:16,432 log  Not Found: /get_orders_by_client
WARNING 2024-04-16 02:12:16,432 basehttp  "GET /get_orders_by_client HTTP/1.1" 404 3927
WARNING 2024-04-16 02:12:16,696 log  Not Found: /get_orders_by_client
WARNING 2024-04-16 02:12:16,697 basehttp  "GET /get_orders_by_client HTTP/1.1" 404 3927
WARNING 2024-04-16 02:12:16,951 log  Not Found: /get_orders_by_client
WARNING 2024-04-16 02:12:16,952 basehttp  "GET /get_orders_by_client HTTP/1.1" 404 3927
WARNING 2024-04-16 02:12:17,204 log  Not Found: /get_orders_by_client
WARNING 2024-04-16 02:12:17,204 basehttp  "GET /get_orders_by_client HTTP/1.1" 404 3927
WARNING 2024-04-16 02:12:17,496 log  Not Found: /get_orders_by_client
WARNING 2024-04-16 02:12:17,497 basehttp  "GET /get_orders_by_client HTTP/1.1" 404 3927
WARNING 2024-04-16 02:12:17,879 log  Not Found: /get_orders_by_client
WARNING 2024-04-16 02:12:17,879 basehttp  "GET /get_orders_by_client HTTP/1.1" 404 3927
WARNING 2024-04-16 02:12:19,566 log  Not Found: /get_orders_by_client
WARNING 2024-04-16 02:12:19,567 basehttp  "GET /get_orders_by_client HTTP/1.1" 404 3927
WARNING 2024-04-16 02:12:20,031 log  Not Found: /get_orders_by_client
WARNING 2024-04-16 02:12:20,032 basehttp  "GET /get_orders_by_client HTTP/1.1" 404 3927
WARNING 2024-04-16 02:14:49,192 log  Not Found: /hw3_app/get_orders_by_client
WARNING 2024-04-16 02:14:49,193 basehttp  "GET /hw3_app/get_orders_by_client HTTP/1.1" 404 3951
INFO 2024-04-16 02:15:33,694 basehttp  "GET /get-orders-by-client HTTP/1.1" 301 0
ERROR 2024-04-16 02:15:33,740 log  Internal Server Error: /get-orders-by-client/
Traceback (most recent call last):
  File "D:\Learning\FrameworkDjango\Django_HW\venv\Lib\site-packages\django\template\backends\django.py", line 61, in render
    return self.template.render(context)
           ^^^^^^^^^^^^^^^^^^^^^^^^^^^^^
  File "D:\Learning\FrameworkDjango\Django_HW\venv\Lib\site-packages\django\template\base.py", line 171, in render
    return self._render(context)
           ^^^^^^^^^^^^^^^^^^^^^
  File "D:\Learning\FrameworkDjango\Django_HW\venv\Lib\site-packages\django\template\base.py", line 163, in _render
    return self.nodelist.render(context)
           ^^^^^^^^^^^^^^^^^^^^^^^^^^^^^
  File "D:\Learning\FrameworkDjango\Django_HW\venv\Lib\site-packages\django\template\base.py", line 1000, in render
    return SafeString("".join([node.render_annotated(context) for node in self]))
                              ^^^^^^^^^^^^^^^^^^^^^^^^^^^^^^^^^^^^^^^^^^^^^^^^^
  File "D:\Learning\FrameworkDjango\Django_HW\venv\Lib\site-packages\django\template\base.py", line 1000, in <listcomp>
    return SafeString("".join([node.render_annotated(context) for node in self]))
                               ^^^^^^^^^^^^^^^^^^^^^^^^^^^^^^
  File "D:\Learning\FrameworkDjango\Django_HW\venv\Lib\site-packages\django\template\base.py", line 961, in render_annotated
    return self.render(context)
           ^^^^^^^^^^^^^^^^^^^^
  File "D:\Learning\FrameworkDjango\Django_HW\venv\Lib\site-packages\django\template\loader_tags.py", line 134, in render
    compiled_parent = self.get_parent(context)
                      ^^^^^^^^^^^^^^^^^^^^^^^^
  File "D:\Learning\FrameworkDjango\Django_HW\venv\Lib\site-packages\django\template\loader_tags.py", line 131, in get_parent
    return self.find_template(parent, context)
           ^^^^^^^^^^^^^^^^^^^^^^^^^^^^^^^^^^^
  File "D:\Learning\FrameworkDjango\Django_HW\venv\Lib\site-packages\django\template\loader_tags.py", line 109, in find_template
    template, origin = context.template.engine.find_template(
                       ^^^^^^^^^^^^^^^^^^^^^^^^^^^^^^^^^^^^^^
  File "D:\Learning\FrameworkDjango\Django_HW\venv\Lib\site-packages\django\template\engine.py", line 163, in find_template
    raise TemplateDoesNotExist(name, tried=tried)
django.template.exceptions.TemplateDoesNotExist: base.html

The above exception was the direct cause of the following exception:

Traceback (most recent call last):
  File "D:\Learning\FrameworkDjango\Django_HW\venv\Lib\site-packages\django\core\handlers\exception.py", line 55, in inner
    response = get_response(request)
               ^^^^^^^^^^^^^^^^^^^^^
  File "D:\Learning\FrameworkDjango\Django_HW\venv\Lib\site-packages\django\core\handlers\base.py", line 197, in _get_response
    response = wrapped_callback(request, *callback_args, **callback_kwargs)
               ^^^^^^^^^^^^^^^^^^^^^^^^^^^^^^^^^^^^^^^^^^^^^^^^^^^^^^^^^^^^
  File "D:\Learning\FrameworkDjango\Django_HW\django_homework\hw3_app\views.py", line 28, in get_orders_by_client
    return render(request, 'hw3_app/get_orders_by_client.html')
           ^^^^^^^^^^^^^^^^^^^^^^^^^^^^^^^^^^^^^^^^^^^^^^^^^^^^
  File "D:\Learning\FrameworkDjango\Django_HW\venv\Lib\site-packages\django\shortcuts.py", line 25, in render
    content = loader.render_to_string(template_name, context, request, using=using)
              ^^^^^^^^^^^^^^^^^^^^^^^^^^^^^^^^^^^^^^^^^^^^^^^^^^^^^^^^^^^^^^^^^^^^^
  File "D:\Learning\FrameworkDjango\Django_HW\venv\Lib\site-packages\django\template\loader.py", line 62, in render_to_string
    return template.render(context, request)
           ^^^^^^^^^^^^^^^^^^^^^^^^^^^^^^^^^
  File "D:\Learning\FrameworkDjango\Django_HW\venv\Lib\site-packages\django\template\backends\django.py", line 63, in render
    reraise(exc, self.backend)
  File "D:\Learning\FrameworkDjango\Django_HW\venv\Lib\site-packages\django\template\backends\django.py", line 84, in reraise
    raise new from exc
django.template.exceptions.TemplateDoesNotExist: base.html
ERROR 2024-04-16 02:15:33,747 basehttp  "GET /get-orders-by-client/ HTTP/1.1" 500 134378
INFO 2024-04-16 23:19:07,436 autoreload  Watching for file changes with StatReloader
INFO 2024-04-16 23:19:10,622 basehttp  "GET / HTTP/1.1" 200 1080
WARNING 2024-04-16 23:19:10,749 log  Not Found: /favicon.ico
WARNING 2024-04-16 23:19:10,749 basehttp  "GET /favicon.ico HTTP/1.1" 404 4893
WARNING 2024-04-16 23:20:05,360 log  Not Found: /app3/about
WARNING 2024-04-16 23:20:05,361 basehttp  "GET /app3/about HTTP/1.1" 404 4890
WARNING 2024-04-16 23:21:06,133 log  Not Found: /hw3_app/about
WARNING 2024-04-16 23:21:06,134 basehttp  "GET /hw3_app/about HTTP/1.1" 404 4899
WARNING 2024-04-16 23:21:09,252 log  Not Found: /hw3_app/about
WARNING 2024-04-16 23:21:09,253 basehttp  "GET /hw3_app/about HTTP/1.1" 404 4899
WARNING 2024-04-16 23:21:10,635 log  Not Found: /hw3_app/about
WARNING 2024-04-16 23:21:10,635 basehttp  "GET /hw3_app/about HTTP/1.1" 404 4899
WARNING 2024-04-16 23:21:11,588 log  Not Found: /hw3_app/about
WARNING 2024-04-16 23:21:11,588 basehttp  "GET /hw3_app/about HTTP/1.1" 404 4899
WARNING 2024-04-16 23:21:11,962 log  Not Found: /hw3_app/about
WARNING 2024-04-16 23:21:11,963 basehttp  "GET /hw3_app/about HTTP/1.1" 404 4899
WARNING 2024-04-16 23:21:12,171 log  Not Found: /hw3_app/about
WARNING 2024-04-16 23:21:12,172 basehttp  "GET /hw3_app/about HTTP/1.1" 404 4899
WARNING 2024-04-16 23:21:12,366 log  Not Found: /hw3_app/about
WARNING 2024-04-16 23:21:12,367 basehttp  "GET /hw3_app/about HTTP/1.1" 404 4899
WARNING 2024-04-16 23:21:13,958 log  Not Found: /hw3_app/about
WARNING 2024-04-16 23:21:13,958 basehttp  "GET /hw3_app/about HTTP/1.1" 404 4899
INFO 2024-04-16 23:21:21,087 basehttp  "GET /about/ HTTP/1.1" 200 848
WARNING 2024-04-16 23:23:48,159 log  Not Found: /hw3_app/all-client-orders
WARNING 2024-04-16 23:23:48,160 basehttp  "GET /hw3_app/all-client-orders HTTP/1.1" 404 4935
WARNING 2024-04-16 23:24:07,055 log  Not Found: /all-client-orders
WARNING 2024-04-16 23:24:07,055 basehttp  "GET /all-client-orders HTTP/1.1" 404 4911
WARNING 2024-04-16 23:24:09,664 log  Not Found: /all-client-orders
WARNING 2024-04-16 23:24:09,664 basehttp  "GET /all-client-orders HTTP/1.1" 404 4911
INFO 2024-04-16 23:25:46,823 autoreload  Watching for file changes with StatReloader
INFO 2024-04-16 23:25:49,457 basehttp  "GET / HTTP/1.1" 200 1080
INFO 2024-04-16 23:25:51,354 basehttp  "GET / HTTP/1.1" 200 1080
INFO 2024-04-16 23:25:53,017 basehttp  "GET / HTTP/1.1" 200 1080
INFO 2024-04-16 23:25:53,522 basehttp  "GET /about/ HTTP/1.1" 200 848
INFO 2024-04-16 23:25:54,633 basehttp  "GET / HTTP/1.1" 200 1080
INFO 2024-04-16 23:26:02,750 basehttp  "GET /about/ HTTP/1.1" 200 848
WARNING 2024-04-16 23:27:09,549 log  Not Found: /hw3_app/all-client-orders
WARNING 2024-04-16 23:27:09,550 basehttp  "GET /hw3_app/all-client-orders HTTP/1.1" 404 4935
INFO 2024-04-16 23:28:34,371 autoreload  Watching for file changes with StatReloader
INFO 2024-04-16 23:28:37,326 basehttp  "GET / HTTP/1.1" 200 1080
WARNING 2024-04-16 23:28:49,947 log  Not Found: /app2/
WARNING 2024-04-16 23:28:49,948 basehttp  "GET /app2/ HTTP/1.1" 404 4875
INFO 2024-04-16 23:32:42,920 autoreload  D:\Learning\FrameworkDjango\Django_HW\django_homework\django_homework\urls.py changed, reloading.
INFO 2024-04-16 23:32:43,333 autoreload  Watching for file changes with StatReloader
INFO 2024-04-16 23:32:50,250 autoreload  Watching for file changes with StatReloader
WARNING 2024-04-16 23:32:57,194 log  Not Found: /all-client-orders
WARNING 2024-04-16 23:32:57,194 basehttp  "GET /all-client-orders HTTP/1.1" 404 5016
WARNING 2024-04-16 23:33:13,158 log  Not Found: /app3/all-client-orders
WARNING 2024-04-16 23:33:13,159 basehttp  "GET /app3/all-client-orders HTTP/1.1" 404 6411
INFO 2024-04-16 23:40:24,503 autoreload  D:\Learning\FrameworkDjango\Django_HW\django_homework\django_homework\settings.py changed, reloading.
INFO 2024-04-16 23:40:24,922 autoreload  Watching for file changes with StatReloader
INFO 2024-04-16 23:40:31,925 autoreload  Watching for file changes with StatReloader
INFO 2024-04-16 23:40:34,256 basehttp  "GET / HTTP/1.1" 200 1080
WARNING 2024-04-16 23:41:06,524 log  Not Found: /app3/get
WARNING 2024-04-16 23:41:06,525 basehttp  "GET /app3/get HTTP/1.1" 404 6369
WARNING 2024-04-16 23:41:21,053 log  Not Found: /app3/all-client-orders
WARNING 2024-04-16 23:41:21,054 basehttp  "GET /app3/all-client-orders HTTP/1.1" 404 6411
WARNING 2024-04-16 23:41:25,478 log  Not Found: /app3/all-client-orders
WARNING 2024-04-16 23:41:25,478 basehttp  "GET /app3/all-client-orders HTTP/1.1" 404 6411
INFO 2024-04-16 23:42:32,520 autoreload  D:\Learning\FrameworkDjango\Django_HW\django_homework\django_homework\settings.py changed, reloading.
INFO 2024-04-16 23:42:32,941 autoreload  Watching for file changes with StatReloader
INFO 2024-04-16 23:43:22,336 autoreload  D:\Learning\FrameworkDjango\Django_HW\django_homework\django_homework\settings.py changed, reloading.
INFO 2024-04-16 23:43:22,730 autoreload  Watching for file changes with StatReloader
INFO 2024-04-16 23:43:32,279 autoreload  D:\Learning\FrameworkDjango\Django_HW\django_homework\django_homework\settings.py changed, reloading.
INFO 2024-04-16 23:43:32,705 autoreload  Watching for file changes with StatReloader
INFO 2024-04-16 23:43:54,674 autoreload  Watching for file changes with StatReloader
INFO 2024-04-16 23:43:57,369 basehttp  "GET / HTTP/1.1" 200 1080
INFO 2024-04-16 23:44:00,096 basehttp  "GET / HTTP/1.1" 200 1080
INFO 2024-04-16 23:44:30,842 basehttp  "GET /get-orders-by-client HTTP/1.1" 301 0
INFO 2024-04-16 23:44:30,860 basehttp  "GET /get-orders-by-client/ HTTP/1.1" 200 1592
INFO 2024-04-16 23:46:38,933 autoreload  Watching for file changes with StatReloader
WARNING 2024-04-16 23:46:41,848 log  Not Found: /app3/all-client-orders
WARNING 2024-04-16 23:46:41,848 basehttp  "GET /app3/all-client-orders HTTP/1.1" 404 6411
WARNING 2024-04-16 23:46:43,528 log  Not Found: /app3/all-client-orders
WARNING 2024-04-16 23:46:43,528 basehttp  "GET /app3/all-client-orders HTTP/1.1" 404 6411
WARNING 2024-04-16 23:46:52,969 log  Not Found: /app3/all-client-orders
WARNING 2024-04-16 23:46:52,970 basehttp  "GET /app3/all-client-orders HTTP/1.1" 404 6411
WARNING 2024-04-16 23:46:55,682 log  Not Found: /app3/all-client-orders
WARNING 2024-04-16 23:46:55,682 basehttp  "GET /app3/all-client-orders HTTP/1.1" 404 6411
INFO 2024-04-16 23:47:10,826 autoreload  Watching for file changes with StatReloader
INFO 2024-04-16 23:47:13,110 basehttp  "GET / HTTP/1.1" 200 1080
WARNING 2024-04-16 23:47:19,282 log  Not Found: /app2/
WARNING 2024-04-16 23:47:19,283 basehttp  "GET /app2/ HTTP/1.1" 404 4980
INFO 2024-04-16 23:47:26,198 basehttp  "GET /app3/get-orders-by-client HTTP/1.1" 301 0
INFO 2024-04-16 23:47:26,210 basehttp  "GET /app3/get-orders-by-client/ HTTP/1.1" 200 1592
INFO 2024-04-16 23:47:34,085 basehttp  "POST /app3/get-orders-by-client/ HTTP/1.1" 302 0
ERROR 2024-04-16 23:47:34,213 log  Internal Server Error: /app3/all-client-orders/2/7
Traceback (most recent call last):
  File "D:\Learning\FrameworkDjango\Django_HW\django_homework\venv\Lib\site-packages\django\template\base.py", line 502, in parse
    compile_func = self.tags[command]
                   ~~~~~~~~~^^^^^^^^^
KeyError: 'endblock'

During handling of the above exception, another exception occurred:

Traceback (most recent call last):
  File "D:\Learning\FrameworkDjango\Django_HW\django_homework\venv\Lib\site-packages\django\core\handlers\exception.py", line 55, in inner
    response = get_response(request)
               ^^^^^^^^^^^^^^^^^^^^^
  File "D:\Learning\FrameworkDjango\Django_HW\django_homework\venv\Lib\site-packages\django\core\handlers\base.py", line 197, in _get_response
    response = wrapped_callback(request, *callback_args, **callback_kwargs)
               ^^^^^^^^^^^^^^^^^^^^^^^^^^^^^^^^^^^^^^^^^^^^^^^^^^^^^^^^^^^^
  File "D:\Learning\FrameworkDjango\Django_HW\django_homework\hw3_app\views.py", line 46, in all_client_orders
    return render(request, 'hw3_app/all_client_orders.html',
           ^^^^^^^^^^^^^^^^^^^^^^^^^^^^^^^^^^^^^^^^^^^^^^^^^
  File "D:\Learning\FrameworkDjango\Django_HW\django_homework\venv\Lib\site-packages\django\shortcuts.py", line 25, in render
    content = loader.render_to_string(template_name, context, request, using=using)
              ^^^^^^^^^^^^^^^^^^^^^^^^^^^^^^^^^^^^^^^^^^^^^^^^^^^^^^^^^^^^^^^^^^^^^
  File "D:\Learning\FrameworkDjango\Django_HW\django_homework\venv\Lib\site-packages\django\template\loader.py", line 61, in render_to_string
    template = get_template(template_name, using=using)
               ^^^^^^^^^^^^^^^^^^^^^^^^^^^^^^^^^^^^^^^^
  File "D:\Learning\FrameworkDjango\Django_HW\django_homework\venv\Lib\site-packages\django\template\loader.py", line 15, in get_template
    return engine.get_template(template_name)
           ^^^^^^^^^^^^^^^^^^^^^^^^^^^^^^^^^^
  File "D:\Learning\FrameworkDjango\Django_HW\django_homework\venv\Lib\site-packages\django\template\backends\django.py", line 33, in get_template
    return Template(self.engine.get_template(template_name), self)
                    ^^^^^^^^^^^^^^^^^^^^^^^^^^^^^^^^^^^^^^^
  File "D:\Learning\FrameworkDjango\Django_HW\django_homework\venv\Lib\site-packages\django\template\engine.py", line 177, in get_template
    template, origin = self.find_template(template_name)
                       ^^^^^^^^^^^^^^^^^^^^^^^^^^^^^^^^^
  File "D:\Learning\FrameworkDjango\Django_HW\django_homework\venv\Lib\site-packages\django\template\engine.py", line 159, in find_template
    template = loader.get_template(name, skip=skip)
               ^^^^^^^^^^^^^^^^^^^^^^^^^^^^^^^^^^^^
  File "D:\Learning\FrameworkDjango\Django_HW\django_homework\venv\Lib\site-packages\django\template\loaders\cached.py", line 57, in get_template
    template = super().get_template(template_name, skip)
               ^^^^^^^^^^^^^^^^^^^^^^^^^^^^^^^^^^^^^^^^^
  File "D:\Learning\FrameworkDjango\Django_HW\django_homework\venv\Lib\site-packages\django\template\loaders\base.py", line 28, in get_template
    return Template(
           ^^^^^^^^^
  File "D:\Learning\FrameworkDjango\Django_HW\django_homework\venv\Lib\site-packages\django\template\base.py", line 154, in __init__
    self.nodelist = self.compile_nodelist()
                    ^^^^^^^^^^^^^^^^^^^^^^^
  File "D:\Learning\FrameworkDjango\Django_HW\django_homework\venv\Lib\site-packages\django\template\base.py", line 196, in compile_nodelist
    return parser.parse()
           ^^^^^^^^^^^^^^
  File "D:\Learning\FrameworkDjango\Django_HW\django_homework\venv\Lib\site-packages\django\template\base.py", line 510, in parse
    raise self.error(token, e)
  File "D:\Learning\FrameworkDjango\Django_HW\django_homework\venv\Lib\site-packages\django\template\base.py", line 508, in parse
    compiled_result = compile_func(self, token)
                      ^^^^^^^^^^^^^^^^^^^^^^^^^
  File "D:\Learning\FrameworkDjango\Django_HW\django_homework\venv\Lib\site-packages\django\template\loader_tags.py", line 295, in do_extends
    nodelist = parser.parse()
               ^^^^^^^^^^^^^^
  File "D:\Learning\FrameworkDjango\Django_HW\django_homework\venv\Lib\site-packages\django\template\base.py", line 510, in parse
    raise self.error(token, e)
  File "D:\Learning\FrameworkDjango\Django_HW\django_homework\venv\Lib\site-packages\django\template\base.py", line 508, in parse
    compiled_result = compile_func(self, token)
                      ^^^^^^^^^^^^^^^^^^^^^^^^^
  File "D:\Learning\FrameworkDjango\Django_HW\django_homework\venv\Lib\site-packages\django\template\loader_tags.py", line 234, in do_block
    nodelist = parser.parse(("endblock",))
               ^^^^^^^^^^^^^^^^^^^^^^^^^^^
  File "D:\Learning\FrameworkDjango\Django_HW\django_homework\venv\Lib\site-packages\django\template\base.py", line 510, in parse
    raise self.error(token, e)
  File "D:\Learning\FrameworkDjango\Django_HW\django_homework\venv\Lib\site-packages\django\template\base.py", line 508, in parse
    compiled_result = compile_func(self, token)
                      ^^^^^^^^^^^^^^^^^^^^^^^^^
  File "D:\Learning\FrameworkDjango\Django_HW\django_homework\venv\Lib\site-packages\django\template\loader_tags.py", line 234, in do_block
    nodelist = parser.parse(("endblock",))
               ^^^^^^^^^^^^^^^^^^^^^^^^^^^
  File "D:\Learning\FrameworkDjango\Django_HW\django_homework\venv\Lib\site-packages\django\template\base.py", line 510, in parse
    raise self.error(token, e)
  File "D:\Learning\FrameworkDjango\Django_HW\django_homework\venv\Lib\site-packages\django\template\base.py", line 508, in parse
    compiled_result = compile_func(self, token)
                      ^^^^^^^^^^^^^^^^^^^^^^^^^
  File "D:\Learning\FrameworkDjango\Django_HW\django_homework\venv\Lib\site-packages\django\template\defaulttags.py", line 961, in do_if
    nodelist = parser.parse(("elif", "else", "endif"))
               ^^^^^^^^^^^^^^^^^^^^^^^^^^^^^^^^^^^^^^^
  File "D:\Learning\FrameworkDjango\Django_HW\django_homework\venv\Lib\site-packages\django\template\base.py", line 504, in parse
    self.invalid_block_tag(token, command, parse_until)
  File "D:\Learning\FrameworkDjango\Django_HW\django_homework\venv\Lib\site-packages\django\template\base.py", line 555, in invalid_block_tag
    raise self.error(
django.template.exceptions.TemplateSyntaxError: Invalid block tag on line 26: 'endblock', expected 'elif', 'else' or 'endif'. Did you forget to register or load this tag?
ERROR 2024-04-16 23:47:34,225 basehttp  "GET /app3/all-client-orders/2/7 HTTP/1.1" 500 204974
INFO 2024-04-16 23:52:49,455 autoreload  Watching for file changes with StatReloader
INFO 2024-04-16 23:52:51,505 basehttp  "GET / HTTP/1.1" 200 1080
INFO 2024-04-16 23:53:09,140 basehttp  "GET /app3/get-orders-by-client/ HTTP/1.1" 200 1592
INFO 2024-04-16 23:53:14,514 basehttp  "POST /app3/get-orders-by-client/ HTTP/1.1" 302 0
ERROR 2024-04-16 23:53:14,586 log  Internal Server Error: /app3/all-client-orders/3/7
Traceback (most recent call last):
  File "D:\Learning\FrameworkDjango\Django_HW\django_homework\venv\Lib\site-packages\django\template\base.py", line 502, in parse
    compile_func = self.tags[command]
                   ~~~~~~~~~^^^^^^^^^
KeyError: 'endblock'

During handling of the above exception, another exception occurred:

Traceback (most recent call last):
  File "D:\Learning\FrameworkDjango\Django_HW\django_homework\venv\Lib\site-packages\django\core\handlers\exception.py", line 55, in inner
    response = get_response(request)
               ^^^^^^^^^^^^^^^^^^^^^
  File "D:\Learning\FrameworkDjango\Django_HW\django_homework\venv\Lib\site-packages\django\core\handlers\base.py", line 197, in _get_response
    response = wrapped_callback(request, *callback_args, **callback_kwargs)
               ^^^^^^^^^^^^^^^^^^^^^^^^^^^^^^^^^^^^^^^^^^^^^^^^^^^^^^^^^^^^
  File "D:\Learning\FrameworkDjango\Django_HW\django_homework\hw3_app\views.py", line 46, in all_client_orders
    return render(request, 'hw3_app/all_client_orders.html',
           ^^^^^^^^^^^^^^^^^^^^^^^^^^^^^^^^^^^^^^^^^^^^^^^^^
  File "D:\Learning\FrameworkDjango\Django_HW\django_homework\venv\Lib\site-packages\django\shortcuts.py", line 25, in render
    content = loader.render_to_string(template_name, context, request, using=using)
              ^^^^^^^^^^^^^^^^^^^^^^^^^^^^^^^^^^^^^^^^^^^^^^^^^^^^^^^^^^^^^^^^^^^^^
  File "D:\Learning\FrameworkDjango\Django_HW\django_homework\venv\Lib\site-packages\django\template\loader.py", line 61, in render_to_string
    template = get_template(template_name, using=using)
               ^^^^^^^^^^^^^^^^^^^^^^^^^^^^^^^^^^^^^^^^
  File "D:\Learning\FrameworkDjango\Django_HW\django_homework\venv\Lib\site-packages\django\template\loader.py", line 15, in get_template
    return engine.get_template(template_name)
           ^^^^^^^^^^^^^^^^^^^^^^^^^^^^^^^^^^
  File "D:\Learning\FrameworkDjango\Django_HW\django_homework\venv\Lib\site-packages\django\template\backends\django.py", line 33, in get_template
    return Template(self.engine.get_template(template_name), self)
                    ^^^^^^^^^^^^^^^^^^^^^^^^^^^^^^^^^^^^^^^
  File "D:\Learning\FrameworkDjango\Django_HW\django_homework\venv\Lib\site-packages\django\template\engine.py", line 177, in get_template
    template, origin = self.find_template(template_name)
                       ^^^^^^^^^^^^^^^^^^^^^^^^^^^^^^^^^
  File "D:\Learning\FrameworkDjango\Django_HW\django_homework\venv\Lib\site-packages\django\template\engine.py", line 159, in find_template
    template = loader.get_template(name, skip=skip)
               ^^^^^^^^^^^^^^^^^^^^^^^^^^^^^^^^^^^^
  File "D:\Learning\FrameworkDjango\Django_HW\django_homework\venv\Lib\site-packages\django\template\loaders\cached.py", line 57, in get_template
    template = super().get_template(template_name, skip)
               ^^^^^^^^^^^^^^^^^^^^^^^^^^^^^^^^^^^^^^^^^
  File "D:\Learning\FrameworkDjango\Django_HW\django_homework\venv\Lib\site-packages\django\template\loaders\base.py", line 28, in get_template
    return Template(
           ^^^^^^^^^
  File "D:\Learning\FrameworkDjango\Django_HW\django_homework\venv\Lib\site-packages\django\template\base.py", line 154, in __init__
    self.nodelist = self.compile_nodelist()
                    ^^^^^^^^^^^^^^^^^^^^^^^
  File "D:\Learning\FrameworkDjango\Django_HW\django_homework\venv\Lib\site-packages\django\template\base.py", line 196, in compile_nodelist
    return parser.parse()
           ^^^^^^^^^^^^^^
  File "D:\Learning\FrameworkDjango\Django_HW\django_homework\venv\Lib\site-packages\django\template\base.py", line 510, in parse
    raise self.error(token, e)
  File "D:\Learning\FrameworkDjango\Django_HW\django_homework\venv\Lib\site-packages\django\template\base.py", line 508, in parse
    compiled_result = compile_func(self, token)
                      ^^^^^^^^^^^^^^^^^^^^^^^^^
  File "D:\Learning\FrameworkDjango\Django_HW\django_homework\venv\Lib\site-packages\django\template\loader_tags.py", line 295, in do_extends
    nodelist = parser.parse()
               ^^^^^^^^^^^^^^
  File "D:\Learning\FrameworkDjango\Django_HW\django_homework\venv\Lib\site-packages\django\template\base.py", line 510, in parse
    raise self.error(token, e)
  File "D:\Learning\FrameworkDjango\Django_HW\django_homework\venv\Lib\site-packages\django\template\base.py", line 508, in parse
    compiled_result = compile_func(self, token)
                      ^^^^^^^^^^^^^^^^^^^^^^^^^
  File "D:\Learning\FrameworkDjango\Django_HW\django_homework\venv\Lib\site-packages\django\template\loader_tags.py", line 234, in do_block
    nodelist = parser.parse(("endblock",))
               ^^^^^^^^^^^^^^^^^^^^^^^^^^^
  File "D:\Learning\FrameworkDjango\Django_HW\django_homework\venv\Lib\site-packages\django\template\base.py", line 510, in parse
    raise self.error(token, e)
  File "D:\Learning\FrameworkDjango\Django_HW\django_homework\venv\Lib\site-packages\django\template\base.py", line 508, in parse
    compiled_result = compile_func(self, token)
                      ^^^^^^^^^^^^^^^^^^^^^^^^^
  File "D:\Learning\FrameworkDjango\Django_HW\django_homework\venv\Lib\site-packages\django\template\loader_tags.py", line 234, in do_block
    nodelist = parser.parse(("endblock",))
               ^^^^^^^^^^^^^^^^^^^^^^^^^^^
  File "D:\Learning\FrameworkDjango\Django_HW\django_homework\venv\Lib\site-packages\django\template\base.py", line 510, in parse
    raise self.error(token, e)
  File "D:\Learning\FrameworkDjango\Django_HW\django_homework\venv\Lib\site-packages\django\template\base.py", line 508, in parse
    compiled_result = compile_func(self, token)
                      ^^^^^^^^^^^^^^^^^^^^^^^^^
  File "D:\Learning\FrameworkDjango\Django_HW\django_homework\venv\Lib\site-packages\django\template\defaulttags.py", line 961, in do_if
    nodelist = parser.parse(("elif", "else", "endif"))
               ^^^^^^^^^^^^^^^^^^^^^^^^^^^^^^^^^^^^^^^
  File "D:\Learning\FrameworkDjango\Django_HW\django_homework\venv\Lib\site-packages\django\template\base.py", line 504, in parse
    self.invalid_block_tag(token, command, parse_until)
  File "D:\Learning\FrameworkDjango\Django_HW\django_homework\venv\Lib\site-packages\django\template\base.py", line 555, in invalid_block_tag
    raise self.error(
django.template.exceptions.TemplateSyntaxError: Invalid block tag on line 26: 'endblock', expected 'elif', 'else' or 'endif'. Did you forget to register or load this tag?
ERROR 2024-04-16 23:53:14,597 basehttp  "GET /app3/all-client-orders/3/7 HTTP/1.1" 500 204976
WARNING 2024-04-17 00:02:09,363 log  Not Found: /app3/get_orders_by_client
WARNING 2024-04-17 00:02:09,364 basehttp  "GET /app3/get_orders_by_client HTTP/1.1" 404 6420
INFO 2024-04-17 00:02:24,243 autoreload  Watching for file changes with StatReloader
INFO 2024-04-17 00:02:26,510 basehttp  "GET / HTTP/1.1" 200 1080
INFO 2024-04-17 00:02:44,435 basehttp  "GET /get-orders-by-client/ HTTP/1.1" 200 1592
INFO 2024-04-17 00:02:51,365 basehttp  "POST /get-orders-by-client/ HTTP/1.1" 302 0
ERROR 2024-04-17 00:02:51,437 log  Internal Server Error: /app3/all-client-orders/2/7
Traceback (most recent call last):
  File "D:\Learning\FrameworkDjango\Django_HW\django_homework\venv\Lib\site-packages\django\template\base.py", line 502, in parse
    compile_func = self.tags[command]
                   ~~~~~~~~~^^^^^^^^^
KeyError: 'endblock'

During handling of the above exception, another exception occurred:

Traceback (most recent call last):
  File "D:\Learning\FrameworkDjango\Django_HW\django_homework\venv\Lib\site-packages\django\core\handlers\exception.py", line 55, in inner
    response = get_response(request)
               ^^^^^^^^^^^^^^^^^^^^^
  File "D:\Learning\FrameworkDjango\Django_HW\django_homework\venv\Lib\site-packages\django\core\handlers\base.py", line 197, in _get_response
    response = wrapped_callback(request, *callback_args, **callback_kwargs)
               ^^^^^^^^^^^^^^^^^^^^^^^^^^^^^^^^^^^^^^^^^^^^^^^^^^^^^^^^^^^^
  File "D:\Learning\FrameworkDjango\Django_HW\django_homework\hw3_app\views.py", line 46, in all_client_orders
    return render(request, 'hw3_app/all_client_orders.html',
           ^^^^^^^^^^^^^^^^^^^^^^^^^^^^^^^^^^^^^^^^^^^^^^^^^
  File "D:\Learning\FrameworkDjango\Django_HW\django_homework\venv\Lib\site-packages\django\shortcuts.py", line 25, in render
    content = loader.render_to_string(template_name, context, request, using=using)
              ^^^^^^^^^^^^^^^^^^^^^^^^^^^^^^^^^^^^^^^^^^^^^^^^^^^^^^^^^^^^^^^^^^^^^
  File "D:\Learning\FrameworkDjango\Django_HW\django_homework\venv\Lib\site-packages\django\template\loader.py", line 61, in render_to_string
    template = get_template(template_name, using=using)
               ^^^^^^^^^^^^^^^^^^^^^^^^^^^^^^^^^^^^^^^^
  File "D:\Learning\FrameworkDjango\Django_HW\django_homework\venv\Lib\site-packages\django\template\loader.py", line 15, in get_template
    return engine.get_template(template_name)
           ^^^^^^^^^^^^^^^^^^^^^^^^^^^^^^^^^^
  File "D:\Learning\FrameworkDjango\Django_HW\django_homework\venv\Lib\site-packages\django\template\backends\django.py", line 33, in get_template
    return Template(self.engine.get_template(template_name), self)
                    ^^^^^^^^^^^^^^^^^^^^^^^^^^^^^^^^^^^^^^^
  File "D:\Learning\FrameworkDjango\Django_HW\django_homework\venv\Lib\site-packages\django\template\engine.py", line 177, in get_template
    template, origin = self.find_template(template_name)
                       ^^^^^^^^^^^^^^^^^^^^^^^^^^^^^^^^^
  File "D:\Learning\FrameworkDjango\Django_HW\django_homework\venv\Lib\site-packages\django\template\engine.py", line 159, in find_template
    template = loader.get_template(name, skip=skip)
               ^^^^^^^^^^^^^^^^^^^^^^^^^^^^^^^^^^^^
  File "D:\Learning\FrameworkDjango\Django_HW\django_homework\venv\Lib\site-packages\django\template\loaders\cached.py", line 57, in get_template
    template = super().get_template(template_name, skip)
               ^^^^^^^^^^^^^^^^^^^^^^^^^^^^^^^^^^^^^^^^^
  File "D:\Learning\FrameworkDjango\Django_HW\django_homework\venv\Lib\site-packages\django\template\loaders\base.py", line 28, in get_template
    return Template(
           ^^^^^^^^^
  File "D:\Learning\FrameworkDjango\Django_HW\django_homework\venv\Lib\site-packages\django\template\base.py", line 154, in __init__
    self.nodelist = self.compile_nodelist()
                    ^^^^^^^^^^^^^^^^^^^^^^^
  File "D:\Learning\FrameworkDjango\Django_HW\django_homework\venv\Lib\site-packages\django\template\base.py", line 196, in compile_nodelist
    return parser.parse()
           ^^^^^^^^^^^^^^
  File "D:\Learning\FrameworkDjango\Django_HW\django_homework\venv\Lib\site-packages\django\template\base.py", line 510, in parse
    raise self.error(token, e)
  File "D:\Learning\FrameworkDjango\Django_HW\django_homework\venv\Lib\site-packages\django\template\base.py", line 508, in parse
    compiled_result = compile_func(self, token)
                      ^^^^^^^^^^^^^^^^^^^^^^^^^
  File "D:\Learning\FrameworkDjango\Django_HW\django_homework\venv\Lib\site-packages\django\template\loader_tags.py", line 295, in do_extends
    nodelist = parser.parse()
               ^^^^^^^^^^^^^^
  File "D:\Learning\FrameworkDjango\Django_HW\django_homework\venv\Lib\site-packages\django\template\base.py", line 510, in parse
    raise self.error(token, e)
  File "D:\Learning\FrameworkDjango\Django_HW\django_homework\venv\Lib\site-packages\django\template\base.py", line 508, in parse
    compiled_result = compile_func(self, token)
                      ^^^^^^^^^^^^^^^^^^^^^^^^^
  File "D:\Learning\FrameworkDjango\Django_HW\django_homework\venv\Lib\site-packages\django\template\loader_tags.py", line 234, in do_block
    nodelist = parser.parse(("endblock",))
               ^^^^^^^^^^^^^^^^^^^^^^^^^^^
  File "D:\Learning\FrameworkDjango\Django_HW\django_homework\venv\Lib\site-packages\django\template\base.py", line 510, in parse
    raise self.error(token, e)
  File "D:\Learning\FrameworkDjango\Django_HW\django_homework\venv\Lib\site-packages\django\template\base.py", line 508, in parse
    compiled_result = compile_func(self, token)
                      ^^^^^^^^^^^^^^^^^^^^^^^^^
  File "D:\Learning\FrameworkDjango\Django_HW\django_homework\venv\Lib\site-packages\django\template\loader_tags.py", line 234, in do_block
    nodelist = parser.parse(("endblock",))
               ^^^^^^^^^^^^^^^^^^^^^^^^^^^
  File "D:\Learning\FrameworkDjango\Django_HW\django_homework\venv\Lib\site-packages\django\template\base.py", line 510, in parse
    raise self.error(token, e)
  File "D:\Learning\FrameworkDjango\Django_HW\django_homework\venv\Lib\site-packages\django\template\base.py", line 508, in parse
    compiled_result = compile_func(self, token)
                      ^^^^^^^^^^^^^^^^^^^^^^^^^
  File "D:\Learning\FrameworkDjango\Django_HW\django_homework\venv\Lib\site-packages\django\template\defaulttags.py", line 961, in do_if
    nodelist = parser.parse(("elif", "else", "endif"))
               ^^^^^^^^^^^^^^^^^^^^^^^^^^^^^^^^^^^^^^^
  File "D:\Learning\FrameworkDjango\Django_HW\django_homework\venv\Lib\site-packages\django\template\base.py", line 504, in parse
    self.invalid_block_tag(token, command, parse_until)
  File "D:\Learning\FrameworkDjango\Django_HW\django_homework\venv\Lib\site-packages\django\template\base.py", line 555, in invalid_block_tag
    raise self.error(
django.template.exceptions.TemplateSyntaxError: Invalid block tag on line 26: 'endblock', expected 'elif', 'else' or 'endif'. Did you forget to register or load this tag?
ERROR 2024-04-17 00:02:51,448 basehttp  "GET /app3/all-client-orders/2/7 HTTP/1.1" 500 204969
INFO 2024-04-17 00:03:23,255 autoreload  Watching for file changes with StatReloader
INFO 2024-04-17 00:03:25,849 basehttp  "GET / HTTP/1.1" 200 1080
INFO 2024-04-17 00:09:14,878 autoreload  Watching for file changes with StatReloader
INFO 2024-04-17 00:09:19,674 basehttp  "GET / HTTP/1.1" 200 1080
INFO 2024-04-17 00:10:42,027 basehttp  "GET /app3/get-orders-by-client/ HTTP/1.1" 200 1592
INFO 2024-04-17 00:10:48,708 basehttp  "POST /app3/get-orders-by-client/ HTTP/1.1" 302 0
INFO 2024-04-17 00:10:48,725 basehttp  "GET /app3/all-client-orders/3/7 HTTP/1.1" 200 711
ERROR 2024-04-17 00:10:55,433 log  Internal Server Error: /list_all_products/
Traceback (most recent call last):
  File "D:\Learning\FrameworkDjango\Django_HW\django_homework\venv\Lib\site-packages\django\template\base.py", line 502, in parse
    compile_func = self.tags[command]
                   ~~~~~~~~~^^^^^^^^^
KeyError: 'endblock'

During handling of the above exception, another exception occurred:

Traceback (most recent call last):
  File "D:\Learning\FrameworkDjango\Django_HW\django_homework\venv\Lib\site-packages\django\core\handlers\exception.py", line 55, in inner
    response = get_response(request)
               ^^^^^^^^^^^^^^^^^^^^^
  File "D:\Learning\FrameworkDjango\Django_HW\django_homework\venv\Lib\site-packages\django\core\handlers\base.py", line 197, in _get_response
    response = wrapped_callback(request, *callback_args, **callback_kwargs)
               ^^^^^^^^^^^^^^^^^^^^^^^^^^^^^^^^^^^^^^^^^^^^^^^^^^^^^^^^^^^^
  File "D:\Learning\FrameworkDjango\Django_HW\django_homework\hw4_app\views.py", line 53, in list_all_products
    return render(request, 'hw4_app/list_all_products.html', {'products': products})
           ^^^^^^^^^^^^^^^^^^^^^^^^^^^^^^^^^^^^^^^^^^^^^^^^^^^^^^^^^^^^^^^^^^^^^^^^^
  File "D:\Learning\FrameworkDjango\Django_HW\django_homework\venv\Lib\site-packages\django\shortcuts.py", line 25, in render
    content = loader.render_to_string(template_name, context, request, using=using)
              ^^^^^^^^^^^^^^^^^^^^^^^^^^^^^^^^^^^^^^^^^^^^^^^^^^^^^^^^^^^^^^^^^^^^^
  File "D:\Learning\FrameworkDjango\Django_HW\django_homework\venv\Lib\site-packages\django\template\loader.py", line 61, in render_to_string
    template = get_template(template_name, using=using)
               ^^^^^^^^^^^^^^^^^^^^^^^^^^^^^^^^^^^^^^^^
  File "D:\Learning\FrameworkDjango\Django_HW\django_homework\venv\Lib\site-packages\django\template\loader.py", line 15, in get_template
    return engine.get_template(template_name)
           ^^^^^^^^^^^^^^^^^^^^^^^^^^^^^^^^^^
  File "D:\Learning\FrameworkDjango\Django_HW\django_homework\venv\Lib\site-packages\django\template\backends\django.py", line 33, in get_template
    return Template(self.engine.get_template(template_name), self)
                    ^^^^^^^^^^^^^^^^^^^^^^^^^^^^^^^^^^^^^^^
  File "D:\Learning\FrameworkDjango\Django_HW\django_homework\venv\Lib\site-packages\django\template\engine.py", line 177, in get_template
    template, origin = self.find_template(template_name)
                       ^^^^^^^^^^^^^^^^^^^^^^^^^^^^^^^^^
  File "D:\Learning\FrameworkDjango\Django_HW\django_homework\venv\Lib\site-packages\django\template\engine.py", line 159, in find_template
    template = loader.get_template(name, skip=skip)
               ^^^^^^^^^^^^^^^^^^^^^^^^^^^^^^^^^^^^
  File "D:\Learning\FrameworkDjango\Django_HW\django_homework\venv\Lib\site-packages\django\template\loaders\cached.py", line 57, in get_template
    template = super().get_template(template_name, skip)
               ^^^^^^^^^^^^^^^^^^^^^^^^^^^^^^^^^^^^^^^^^
  File "D:\Learning\FrameworkDjango\Django_HW\django_homework\venv\Lib\site-packages\django\template\loaders\base.py", line 28, in get_template
    return Template(
           ^^^^^^^^^
  File "D:\Learning\FrameworkDjango\Django_HW\django_homework\venv\Lib\site-packages\django\template\base.py", line 154, in __init__
    self.nodelist = self.compile_nodelist()
                    ^^^^^^^^^^^^^^^^^^^^^^^
  File "D:\Learning\FrameworkDjango\Django_HW\django_homework\venv\Lib\site-packages\django\template\base.py", line 196, in compile_nodelist
    return parser.parse()
           ^^^^^^^^^^^^^^
  File "D:\Learning\FrameworkDjango\Django_HW\django_homework\venv\Lib\site-packages\django\template\base.py", line 510, in parse
    raise self.error(token, e)
  File "D:\Learning\FrameworkDjango\Django_HW\django_homework\venv\Lib\site-packages\django\template\base.py", line 508, in parse
    compiled_result = compile_func(self, token)
                      ^^^^^^^^^^^^^^^^^^^^^^^^^
  File "D:\Learning\FrameworkDjango\Django_HW\django_homework\venv\Lib\site-packages\django\template\loader_tags.py", line 295, in do_extends
    nodelist = parser.parse()
               ^^^^^^^^^^^^^^
  File "D:\Learning\FrameworkDjango\Django_HW\django_homework\venv\Lib\site-packages\django\template\base.py", line 504, in parse
    self.invalid_block_tag(token, command, parse_until)
  File "D:\Learning\FrameworkDjango\Django_HW\django_homework\venv\Lib\site-packages\django\template\base.py", line 565, in invalid_block_tag
    raise self.error(
django.template.exceptions.TemplateSyntaxError: Invalid block tag on line 12: 'endblock'. Did you forget to register or load this tag?
ERROR 2024-04-17 00:10:55,440 basehttp  "GET /list_all_products/ HTTP/1.1" 500 155392
WARNING 2024-04-17 00:11:52,953 log  Not Found: /app4/list_all_products/
WARNING 2024-04-17 00:11:52,954 basehttp  "GET /app4/list_all_products/ HTTP/1.1" 404 5034
INFO 2024-04-17 00:12:22,332 autoreload  D:\Learning\FrameworkDjango\Django_HW\django_homework\django_homework\urls.py changed, reloading.
INFO 2024-04-17 00:12:22,753 autoreload  Watching for file changes with StatReloader
WARNING 2024-04-17 00:12:25,157 log  Not Found: /app4/list_all_products/
WARNING 2024-04-17 00:12:25,157 basehttp  "GET /app4/list_all_products/ HTTP/1.1" 404 6519
WARNING 2024-04-17 00:12:29,134 log  Not Found: /app4/list_all_products/
WARNING 2024-04-17 00:12:29,135 basehttp  "GET /app4/list_all_products/ HTTP/1.1" 404 6519
INFO 2024-04-17 00:12:37,762 autoreload  Watching for file changes with StatReloader
INFO 2024-04-17 00:12:40,933 basehttp  "GET / HTTP/1.1" 200 1080
INFO 2024-04-17 00:12:48,037 basehttp  "GET /get-orders-by-client/ HTTP/1.1" 200 1592
INFO 2024-04-17 00:12:58,413 basehttp  "POST /get-orders-by-client/ HTTP/1.1" 302 0
INFO 2024-04-17 00:12:58,432 basehttp  "GET /app4/all-client-orders/3/30/True HTTP/1.1" 200 733
INFO 2024-04-17 00:13:01,882 basehttp  "GET /app4/get-orders-by-client/ HTTP/1.1" 200 1592
ERROR 2024-04-17 00:13:04,240 log  Internal Server Error: /list_all_products/
Traceback (most recent call last):
  File "D:\Learning\FrameworkDjango\Django_HW\django_homework\venv\Lib\site-packages\django\template\base.py", line 502, in parse
    compile_func = self.tags[command]
                   ~~~~~~~~~^^^^^^^^^
KeyError: 'endblock'

During handling of the above exception, another exception occurred:

Traceback (most recent call last):
  File "D:\Learning\FrameworkDjango\Django_HW\django_homework\venv\Lib\site-packages\django\core\handlers\exception.py", line 55, in inner
    response = get_response(request)
               ^^^^^^^^^^^^^^^^^^^^^
  File "D:\Learning\FrameworkDjango\Django_HW\django_homework\venv\Lib\site-packages\django\core\handlers\base.py", line 197, in _get_response
    response = wrapped_callback(request, *callback_args, **callback_kwargs)
               ^^^^^^^^^^^^^^^^^^^^^^^^^^^^^^^^^^^^^^^^^^^^^^^^^^^^^^^^^^^^
  File "D:\Learning\FrameworkDjango\Django_HW\django_homework\hw4_app\views.py", line 53, in list_all_products
    return render(request, 'hw4_app/list_all_products.html', {'products': products})
           ^^^^^^^^^^^^^^^^^^^^^^^^^^^^^^^^^^^^^^^^^^^^^^^^^^^^^^^^^^^^^^^^^^^^^^^^^
  File "D:\Learning\FrameworkDjango\Django_HW\django_homework\venv\Lib\site-packages\django\shortcuts.py", line 25, in render
    content = loader.render_to_string(template_name, context, request, using=using)
              ^^^^^^^^^^^^^^^^^^^^^^^^^^^^^^^^^^^^^^^^^^^^^^^^^^^^^^^^^^^^^^^^^^^^^
  File "D:\Learning\FrameworkDjango\Django_HW\django_homework\venv\Lib\site-packages\django\template\loader.py", line 61, in render_to_string
    template = get_template(template_name, using=using)
               ^^^^^^^^^^^^^^^^^^^^^^^^^^^^^^^^^^^^^^^^
  File "D:\Learning\FrameworkDjango\Django_HW\django_homework\venv\Lib\site-packages\django\template\loader.py", line 15, in get_template
    return engine.get_template(template_name)
           ^^^^^^^^^^^^^^^^^^^^^^^^^^^^^^^^^^
  File "D:\Learning\FrameworkDjango\Django_HW\django_homework\venv\Lib\site-packages\django\template\backends\django.py", line 33, in get_template
    return Template(self.engine.get_template(template_name), self)
                    ^^^^^^^^^^^^^^^^^^^^^^^^^^^^^^^^^^^^^^^
  File "D:\Learning\FrameworkDjango\Django_HW\django_homework\venv\Lib\site-packages\django\template\engine.py", line 177, in get_template
    template, origin = self.find_template(template_name)
                       ^^^^^^^^^^^^^^^^^^^^^^^^^^^^^^^^^
  File "D:\Learning\FrameworkDjango\Django_HW\django_homework\venv\Lib\site-packages\django\template\engine.py", line 159, in find_template
    template = loader.get_template(name, skip=skip)
               ^^^^^^^^^^^^^^^^^^^^^^^^^^^^^^^^^^^^
  File "D:\Learning\FrameworkDjango\Django_HW\django_homework\venv\Lib\site-packages\django\template\loaders\cached.py", line 57, in get_template
    template = super().get_template(template_name, skip)
               ^^^^^^^^^^^^^^^^^^^^^^^^^^^^^^^^^^^^^^^^^
  File "D:\Learning\FrameworkDjango\Django_HW\django_homework\venv\Lib\site-packages\django\template\loaders\base.py", line 28, in get_template
    return Template(
           ^^^^^^^^^
  File "D:\Learning\FrameworkDjango\Django_HW\django_homework\venv\Lib\site-packages\django\template\base.py", line 154, in __init__
    self.nodelist = self.compile_nodelist()
                    ^^^^^^^^^^^^^^^^^^^^^^^
  File "D:\Learning\FrameworkDjango\Django_HW\django_homework\venv\Lib\site-packages\django\template\base.py", line 196, in compile_nodelist
    return parser.parse()
           ^^^^^^^^^^^^^^
  File "D:\Learning\FrameworkDjango\Django_HW\django_homework\venv\Lib\site-packages\django\template\base.py", line 510, in parse
    raise self.error(token, e)
  File "D:\Learning\FrameworkDjango\Django_HW\django_homework\venv\Lib\site-packages\django\template\base.py", line 508, in parse
    compiled_result = compile_func(self, token)
                      ^^^^^^^^^^^^^^^^^^^^^^^^^
  File "D:\Learning\FrameworkDjango\Django_HW\django_homework\venv\Lib\site-packages\django\template\loader_tags.py", line 295, in do_extends
    nodelist = parser.parse()
               ^^^^^^^^^^^^^^
  File "D:\Learning\FrameworkDjango\Django_HW\django_homework\venv\Lib\site-packages\django\template\base.py", line 504, in parse
    self.invalid_block_tag(token, command, parse_until)
  File "D:\Learning\FrameworkDjango\Django_HW\django_homework\venv\Lib\site-packages\django\template\base.py", line 565, in invalid_block_tag
    raise self.error(
django.template.exceptions.TemplateSyntaxError: Invalid block tag on line 12: 'endblock'. Did you forget to register or load this tag?
ERROR 2024-04-17 00:13:04,247 basehttp  "GET /list_all_products/ HTTP/1.1" 500 155392
INFO 2024-04-17 00:16:08,275 autoreload  Watching for file changes with StatReloader
INFO 2024-04-17 00:16:10,125 basehttp  "GET / HTTP/1.1" 200 1080
INFO 2024-04-17 00:16:16,676 basehttp  "GET /get-orders-by-client/ HTTP/1.1" 200 1592
INFO 2024-04-17 00:16:19,870 basehttp  "GET /product-create/ HTTP/1.1" 200 1809
INFO 2024-04-17 00:16:32,667 basehttp  "GET /list_all_products/ HTTP/1.1" 200 973
INFO 2024-04-17 00:16:47,772 basehttp  "GET /product-create/ HTTP/1.1" 200 1809
INFO 2024-04-17 00:16:52,823 basehttp  "GET /list_all_products/ HTTP/1.1" 200 973
INFO 2024-04-17 00:17:55,094 basehttp  "GET /product-create/ HTTP/1.1" 200 1809
INFO 2024-04-17 00:18:51,590 basehttp  "POST /product-create/ HTTP/1.1" 200 1941
INFO 2024-04-17 00:18:53,989 basehttp  "GET /list_all_products/ HTTP/1.1" 200 1119
INFO 2024-04-17 00:19:08,683 basehttp  "GET /get-product-by-id/ HTTP/1.1" 200 1010
INFO 2024-04-17 00:19:13,169 basehttp  "POST /get-product-by-id/ HTTP/1.1" 302 0
INFO 2024-04-17 00:19:13,182 basehttp  "GET /product-update/3/ HTTP/1.1" 200 1713
INFO 2024-04-17 00:21:50,475 autoreload  Watching for file changes with StatReloader
INFO 2024-04-17 00:21:52,218 basehttp  "GET / HTTP/1.1" 200 1080
INFO 2024-04-17 00:21:58,394 basehttp  "GET /get-orders-by-client/ HTTP/1.1" 200 1592
INFO 2024-04-17 00:22:00,057 basehttp  "GET /product-create/ HTTP/1.1" 200 1867
INFO 2024-04-17 00:22:10,871 basehttp  "GET /list_all_products/ HTTP/1.1" 200 1119
INFO 2024-04-17 00:22:12,303 basehttp  "GET /product-create/ HTTP/1.1" 200 1867
INFO 2024-04-17 00:22:14,199 basehttp  "GET /get-product-by-id/ HTTP/1.1" 200 1010
INFO 2024-04-17 00:22:16,113 basehttp  "GET /product-create/ HTTP/1.1" 200 1867
INFO 2024-04-17 00:22:18,427 basehttp  "GET /app4/get-orders-by-client/ HTTP/1.1" 200 1592
INFO 2024-04-17 00:22:25,003 basehttp  "POST /app4/get-orders-by-client/ HTTP/1.1" 302 0
INFO 2024-04-17 00:22:25,030 basehttp  "GET /app4/all-client-orders/2/365 HTTP/1.1" 200 1391
INFO 2024-04-17 00:42:29,726 autoreload  Watching for file changes with StatReloader
INFO 2024-04-17 00:42:32,603 basehttp  "GET / HTTP/1.1" 200 1080
INFO 2024-04-17 00:42:45,738 basehttp  "GET /admin HTTP/1.1" 301 0
INFO 2024-04-17 00:42:45,757 basehttp  "GET /admin/ HTTP/1.1" 302 0
INFO 2024-04-17 00:42:45,820 basehttp  "GET /admin/login/?next=/admin/ HTTP/1.1" 200 4158
INFO 2024-04-17 00:42:45,971 basehttp  "GET /static/admin/css/dark_mode.css HTTP/1.1" 200 2682
INFO 2024-04-17 00:42:45,988 basehttp  "GET /static/admin/js/nav_sidebar.js HTTP/1.1" 200 3063
INFO 2024-04-17 00:42:46,045 basehttp  "GET /static/admin/css/nav_sidebar.css HTTP/1.1" 200 2810
INFO 2024-04-17 00:42:46,064 basehttp  "GET /static/admin/css/login.css HTTP/1.1" 200 958
INFO 2024-04-17 00:42:46,120 basehttp  "GET /static/admin/css/base.css HTTP/1.1" 200 21544
INFO 2024-04-17 00:42:46,130 basehttp  "GET /static/admin/css/responsive.css HTTP/1.1" 200 17905
INFO 2024-04-17 00:42:46,158 basehttp  "GET /static/admin/js/theme.js HTTP/1.1" 200 1943
INFO 2024-04-17 00:43:08,272 basehttp  "POST /admin/login/?next=/admin/ HTTP/1.1" 302 0
INFO 2024-04-17 00:43:08,302 basehttp  "GET /admin/ HTTP/1.1" 200 7041
INFO 2024-04-17 00:43:08,323 basehttp  "GET /static/admin/css/dashboard.css HTTP/1.1" 200 441
INFO 2024-04-17 00:43:08,336 basehttp  "GET /static/admin/img/icon-addlink.svg HTTP/1.1" 200 331
INFO 2024-04-17 00:43:08,336 basehttp  "GET /static/admin/img/icon-changelink.svg HTTP/1.1" 200 380
INFO 2024-04-17 00:46:43,557 basehttp  "GET /admin/hw2_app/client/ HTTP/1.1" 200 12786
INFO 2024-04-17 00:46:43,582 basehttp  "GET /static/admin/css/changelists.css HTTP/1.1" 200 6811
INFO 2024-04-17 00:46:43,587 basehttp  "GET /static/admin/js/jquery.init.js HTTP/1.1" 200 347
INFO 2024-04-17 00:46:43,590 basehttp  "GET /static/admin/js/core.js HTTP/1.1" 200 6208
INFO 2024-04-17 00:46:43,592 basehttp  "GET /admin/jsi18n/ HTTP/1.1" 200 3342
INFO 2024-04-17 00:46:43,593 basehttp  "GET /static/admin/js/admin/RelatedObjectLookups.js HTTP/1.1" 200 9042
INFO 2024-04-17 00:46:43,596 basehttp  "GET /static/admin/js/actions.js HTTP/1.1" 200 8067
INFO 2024-04-17 00:46:43,601 basehttp  "GET /static/admin/js/urlify.js HTTP/1.1" 200 7887
INFO 2024-04-17 00:46:43,603 basehttp  "GET /static/admin/js/prepopulate.js HTTP/1.1" 200 1531
INFO 2024-04-17 00:46:43,607 basehttp  "GET /static/admin/img/search.svg HTTP/1.1" 200 458
INFO 2024-04-17 00:46:43,607 basehttp  "GET /static/admin/js/vendor/jquery/jquery.js HTTP/1.1" 200 285314
INFO 2024-04-17 00:46:43,631 basehttp  "GET /static/admin/js/vendor/xregexp/xregexp.js HTTP/1.1" 200 325171
INFO 2024-04-17 00:46:43,683 basehttp  "GET /static/admin/js/filters.js HTTP/1.1" 200 978
INFO 2024-04-17 00:46:43,716 basehttp  "GET /static/admin/img/tooltag-add.svg HTTP/1.1" 200 331
INFO 2024-04-17 00:46:52,564 basehttp  "GET /admin/hw2_app/order/ HTTP/1.1" 200 19382
INFO 2024-04-17 00:46:52,589 basehttp  "GET /admin/jsi18n/ HTTP/1.1" 200 3342
INFO 2024-04-17 00:46:52,607 basehttp  "GET /static/admin/img/icon-viewlink.svg HTTP/1.1" 200 581
INFO 2024-04-17 00:46:52,607 basehttp  "GET /static/admin/img/sorting-icons.svg HTTP/1.1" 200 1097
INFO 2024-04-17 00:47:02,793 basehttp  "GET /admin/hw2_app/order/7/change/ HTTP/1.1" 200 12460
INFO 2024-04-17 00:47:02,816 basehttp  "GET /static/admin/css/forms.css HTTP/1.1" 200 9090
INFO 2024-04-17 00:47:02,817 basehttp  "GET /admin/jsi18n/ HTTP/1.1" 200 3342
INFO 2024-04-17 00:47:02,820 basehttp  "GET /static/admin/js/prepopulate_init.js HTTP/1.1" 200 586
INFO 2024-04-17 00:47:02,821 basehttp  "GET /static/admin/js/collapse.js HTTP/1.1" 200 1803
INFO 2024-04-17 00:47:02,824 basehttp  "GET /static/admin/js/calendar.js HTTP/1.1" 200 9141
INFO 2024-04-17 00:47:02,824 basehttp  "GET /static/admin/js/admin/DateTimeShortcuts.js HTTP/1.1" 200 19319
INFO 2024-04-17 00:47:02,824 basehttp  "GET /static/admin/css/widgets.css HTTP/1.1" 200 11800
INFO 2024-04-17 00:47:02,842 basehttp  "GET /static/admin/js/change_form.js HTTP/1.1" 200 606
INFO 2024-04-17 00:47:02,870 basehttp  "GET /static/admin/img/icon-calendar.svg HTTP/1.1" 200 1086
INFO 2024-04-17 00:47:02,870 basehttp  "GET /static/admin/img/icon-clock.svg HTTP/1.1" 200 677
INFO 2024-04-17 00:47:48,413 autoreload  D:\Learning\FrameworkDjango\Django_HW\django_homework\hw2_app\admin.py changed, reloading.
INFO 2024-04-17 00:47:48,827 autoreload  Watching for file changes with StatReloader
INFO 2024-04-17 00:47:57,630 autoreload  Watching for file changes with StatReloader
INFO 2024-04-17 00:48:00,906 basehttp  "GET /admin/hw2_app/order/7/change/ HTTP/1.1" 200 12460
INFO 2024-04-17 00:48:00,936 basehttp  "GET /admin/jsi18n/ HTTP/1.1" 200 3342
INFO 2024-04-17 00:48:04,079 basehttp  "GET /admin/hw2_app/client/ HTTP/1.1" 200 12786
INFO 2024-04-17 00:48:04,110 basehttp  "GET /admin/jsi18n/ HTTP/1.1" 200 3342
INFO 2024-04-17 00:48:05,106 basehttp  "GET /admin/hw2_app/product/ HTTP/1.1" 200 14334
INFO 2024-04-17 00:48:05,129 basehttp  "GET /admin/jsi18n/ HTTP/1.1" 200 3342
INFO 2024-04-17 00:48:21,088 basehttp  "GET /admin/hw2_app/product/?q=%D0%A0%D0%B5%D0%BB%D0%B5+%D0%BA%D0%BE%D0%BD%D1%82%D1%80%D0%BE%D0%BB%D1%8F+%D0%BD%D0%B0%D0%BF%D1%80%D1%8F%D0%B6%D0%B5%D0%BD%D0%B8%D1%8F HTTP/1.1" 200 13370
INFO 2024-04-17 00:48:21,112 basehttp  "GET /admin/jsi18n/ HTTP/1.1" 200 3342
INFO 2024-04-17 00:48:25,415 basehttp  "GET /admin/hw2_app/product/ HTTP/1.1" 200 14334
INFO 2024-04-17 00:48:28,133 basehttp  "GET /admin/hw2_app/product/1/change/ HTTP/1.1" 200 12894
INFO 2024-04-17 00:48:28,157 basehttp  "GET /admin/jsi18n/ HTTP/1.1" 200 3342
INFO 2024-04-17 00:48:30,133 basehttp  "GET /admin/hw2_app/product/ HTTP/1.1" 200 14334
INFO 2024-04-17 00:48:35,542 basehttp  "GET /admin/hw2_app/order/ HTTP/1.1" 200 19382
INFO 2024-04-17 00:48:35,571 basehttp  "GET /admin/jsi18n/ HTTP/1.1" 200 3342
INFO 2024-04-17 00:49:41,665 basehttp  "GET /admin/hw2_app/product/ HTTP/1.1" 200 14334
INFO 2024-04-17 00:49:41,692 basehttp  "GET /admin/jsi18n/ HTTP/1.1" 200 3342
INFO 2024-04-17 00:50:04,486 basehttp  "GET /admin/hw2_app/client/ HTTP/1.1" 200 12786
INFO 2024-04-17 00:50:04,512 basehttp  "GET /admin/jsi18n/ HTTP/1.1" 200 3342
INFO 2024-04-17 00:50:09,462 basehttp  "GET /admin/hw2_app/product/ HTTP/1.1" 200 14334
INFO 2024-04-17 00:50:09,485 basehttp  "GET /admin/jsi18n/ HTTP/1.1" 200 3342
INFO 2024-04-17 00:50:10,161 basehttp  "GET /admin/hw2_app/order/ HTTP/1.1" 200 19382
INFO 2024-04-17 00:50:10,186 basehttp  "GET /admin/jsi18n/ HTTP/1.1" 200 3342
INFO 2024-04-17 00:50:14,364 basehttp  "GET /admin/hw2_app/client/ HTTP/1.1" 200 12786
INFO 2024-04-17 00:50:14,391 basehttp  "GET /admin/jsi18n/ HTTP/1.1" 200 3342
INFO 2024-04-17 00:51:38,724 basehttp  "GET /admin/hw2_app/order/ HTTP/1.1" 200 19382
INFO 2024-04-17 00:51:38,750 basehttp  "GET /admin/jsi18n/ HTTP/1.1" 200 3342
INFO 2024-04-17 00:52:10,764 basehttp  "GET /admin/hw2_app/product/ HTTP/1.1" 200 14334
INFO 2024-04-17 00:52:10,788 basehttp  "GET /admin/jsi18n/ HTTP/1.1" 200 3342
INFO 2024-04-17 23:11:45,469 autoreload  Watching for file changes with StatReloader
INFO 2024-04-17 23:12:21,438 autoreload  Watching for file changes with StatReloader
INFO 2024-04-17 23:15:16,753 autoreload  D:\Learning\FrameworkDjango\Django_HW\django_homework\django_homework\settings.py changed, reloading.
INFO 2024-04-17 23:16:10,403 autoreload  Watching for file changes with StatReloader
INFO 2024-04-17 23:25:23,547 autoreload  Watching for file changes with StatReloader
INFO 2024-04-17 23:27:20,818 autoreload  D:\Learning\FrameworkDjango\Django_HW\django_homework\django_homework\settings.py changed, reloading.
INFO 2024-04-17 23:27:21,290 autoreload  Watching for file changes with StatReloader
INFO 2024-04-17 23:27:36,509 autoreload  Watching for file changes with StatReloader
INFO 2024-04-17 23:27:39,801 basehttp  "GET / HTTP/1.1" 200 1080
WARNING 2024-04-17 23:27:39,874 log  Not Found: /favicon.ico
WARNING 2024-04-17 23:27:39,874 basehttp  "GET /favicon.ico HTTP/1.1" 404 5213
INFO 2024-04-17 23:29:44,331 basehttp  "GET / HTTP/1.1" 200 1080
INFO 2024-04-17 23:29:46,420 basehttp  "GET /about/ HTTP/1.1" 200 848
INFO 2024-04-17 23:29:58,127 basehttp  "GET /about/ HTTP/1.1" 200 848
INFO 2024-04-17 23:31:02,331 basehttp  "GET /app3/get-orders-by-client/ HTTP/1.1" 200 1592
INFO 2024-04-17 23:31:12,187 basehttp  "POST /app3/get-orders-by-client/ HTTP/1.1" 302 0
INFO 2024-04-17 23:31:12,213 basehttp  "GET /app4/all-client-orders/2/7 HTTP/1.1" 200 711
INFO 2024-04-17 23:31:15,353 basehttp  "GET /list_all_products/ HTTP/1.1" 200 1119
INFO 2024-04-17 23:31:29,513 basehttp  "GET /list_all_products/ HTTP/1.1" 200 1119
INFO 2024-04-17 23:31:32,355 basehttp  "GET /product-create/ HTTP/1.1" 200 1867
INFO 2024-04-17 23:31:34,470 basehttp  "GET /get-product-by-id/ HTTP/1.1" 200 1010
INFO 2024-04-17 23:31:35,923 basehttp  "GET /about/ HTTP/1.1" 200 848
INFO 2024-04-17 23:31:44,024 basehttp  "GET /app3/get-orders-by-client/ HTTP/1.1" 200 1592
INFO 2024-04-17 23:31:51,166 basehttp  "POST /app3/get-orders-by-client/ HTTP/1.1" 302 0
INFO 2024-04-17 23:31:51,181 basehttp  "GET /app4/all-client-orders/2/30 HTTP/1.1" 200 712
INFO 2024-04-17 23:32:45,929 basehttp  "GET /app4/get-orders-by-client/ HTTP/1.1" 200 1592
INFO 2024-04-17 23:32:47,352 basehttp  "GET /app4/get-orders-by-client/ HTTP/1.1" 200 1592
INFO 2024-04-17 23:32:48,025 basehttp  "GET /app4/get-orders-by-client/ HTTP/1.1" 200 1592
INFO 2024-04-18 00:02:39,817 autoreload  D:\Learning\FrameworkDjango\Django_HW\django_homework\django_homework\settings.py changed, reloading.
INFO 2024-04-18 00:02:40,288 autoreload  Watching for file changes with StatReloader
INFO 2024-04-19 04:21:55,489 autoreload  Watching for file changes with StatReloader
INFO 2024-04-19 04:21:59,105 basehttp  "GET / HTTP/1.1" 200 1080
WARNING 2024-04-19 04:21:59,223 log  Not Found: /favicon.ico
WARNING 2024-04-19 04:21:59,223 basehttp  "GET /favicon.ico HTTP/1.1" 404 5213
INFO 2024-04-19 04:22:17,535 basehttp  "GET / HTTP/1.1" 200 1080
INFO 2024-04-19 04:22:23,009 basehttp  "GET / HTTP/1.1" 200 1080
INFO 2024-04-19 04:22:25,281 basehttp  "GET / HTTP/1.1" 200 1080
INFO 2024-04-19 04:24:29,783 autoreload  Watching for file changes with StatReloader
WARNING 2024-04-19 04:24:30,097 log  Not Found: /debug
WARNING 2024-04-19 04:24:30,097 basehttp  "GET /debug HTTP/1.1" 404 5195
WARNING 2024-04-19 04:24:34,605 log  Not Found: /debug
WARNING 2024-04-19 04:24:34,605 basehttp  "GET /debug HTTP/1.1" 404 5195
WARNING 2024-04-19 04:24:53,574 log  Not Found: /__debug__/
WARNING 2024-04-19 04:24:53,574 basehttp  "GET /__debug__/ HTTP/1.1" 404 6447
WARNING 2024-04-19 04:25:10,200 log  Not Found: /__debug__/ render_panel/
WARNING 2024-04-19 04:25:10,201 basehttp  "GET /__debug__/%20render_panel/ HTTP/1.1" 404 6491
INFO 2024-04-19 04:25:32,569 basehttp  "GET / HTTP/1.1" 200 1080
